<?xml version="1.0" encoding="UTF-8"?>
<coverage generated="1637364699954" clover="3.2.0">
  <project timestamp="1637364699955" name="All files">
    <metrics statements="84" coveredstatements="28" conditionals="26" coveredconditionals="7" methods="31" coveredmethods="11" elements="141" coveredelements="46" complexity="0" loc="84" ncloc="84" packages="9" files="9" classes="9"/>
    <package name="Assets.Images">
      <metrics statements="1" coveredstatements="1" conditionals="0" coveredconditionals="0" methods="0" coveredmethods="0"/>
      <file name="desconto.png" path="/Users/douglasmorais/Desktop/meliuzrnts/src/Assets/Images/desconto.png">
        <metrics statements="1" coveredstatements="1" conditionals="0" coveredconditionals="0" methods="0" coveredmethods="0"/>
        <line num="1" count="1" type="stmt"/>
      </file>
    </package>
    <package name="Components.BottomNavigation">
      <metrics statements="9" coveredstatements="9" conditionals="0" coveredconditionals="0" methods="6" coveredmethods="6"/>
      <file name="index.tsx" path="/Users/douglasmorais/Desktop/meliuzrnts/src/Components/BottomNavigation/index.tsx">
        <metrics statements="9" coveredstatements="9" conditionals="0" coveredconditionals="0" methods="6" coveredmethods="6"/>
        <line num="12" count="1" type="stmt"/>
        <line num="14" count="1" type="stmt"/>
        <line num="15" count="1" type="stmt"/>
        <line num="27" count="2" type="stmt"/>
        <line num="37" count="2" type="stmt"/>
        <line num="51" count="2" type="stmt"/>
        <line num="66" count="2" type="stmt"/>
        <line num="79" count="1" type="stmt"/>
        <line num="80" count="1" type="stmt"/>
      </file>
    </package>
    <package name="Components.Hello">
      <metrics statements="7" coveredstatements="7" conditionals="2" coveredconditionals="2" methods="4" coveredmethods="4"/>
      <file name="index.tsx" path="/Users/douglasmorais/Desktop/meliuzrnts/src/Components/Hello/index.tsx">
        <metrics statements="7" coveredstatements="7" conditionals="2" coveredconditionals="2" methods="4" coveredmethods="4"/>
        <line num="4" count="1" type="stmt"/>
        <line num="5" count="8" type="stmt"/>
        <line num="9" count="8" type="stmt"/>
        <line num="10" count="8" type="stmt"/>
        <line num="15" count="1" type="stmt"/>
        <line num="20" count="1" type="stmt"/>
        <line num="26" count="1" type="stmt"/>
      </file>
    </package>
    <package name="Screens.Contact">
      <metrics statements="31" coveredstatements="3" conditionals="20" coveredconditionals="5" methods="5" coveredmethods="0"/>
      <file name="index.tsx" path="/Users/douglasmorais/Desktop/meliuzrnts/src/Screens/Contact/index.tsx">
        <metrics statements="31" coveredstatements="3" conditionals="20" coveredconditionals="5" methods="5" coveredmethods="0"/>
        <line num="16" count="1" type="stmt"/>
        <line num="18" count="1" type="stmt"/>
        <line num="19" count="0" type="stmt"/>
        <line num="20" count="0" type="stmt"/>
        <line num="21" count="0" type="stmt"/>
        <line num="22" count="0" type="stmt"/>
        <line num="23" count="0" type="stmt"/>
        <line num="25" count="0" type="stmt"/>
        <line num="26" count="0" type="cond" truecount="0" falsecount="2"/>
        <line num="27" count="0" type="stmt"/>
        <line num="28" count="0" type="stmt"/>
        <line num="30" count="0" type="cond" truecount="0" falsecount="2"/>
        <line num="31" count="0" type="stmt"/>
        <line num="32" count="0" type="stmt"/>
        <line num="34" count="0" type="cond" truecount="0" falsecount="2"/>
        <line num="35" count="0" type="stmt"/>
        <line num="36" count="0" type="stmt"/>
        <line num="38" count="0" type="cond" truecount="0" falsecount="2"/>
        <line num="39" count="0" type="stmt"/>
        <line num="40" count="0" type="stmt"/>
        <line num="42" count="0" type="stmt"/>
        <line num="49" count="0" type="stmt"/>
        <line num="50" count="0" type="stmt"/>
        <line num="54" count="0" type="stmt"/>
        <line num="55" count="0" type="stmt"/>
        <line num="56" count="0" type="stmt"/>
        <line num="57" count="0" type="stmt"/>
        <line num="60" count="0" type="stmt"/>
        <line num="61" count="0" type="stmt"/>
        <line num="64" count="0" type="stmt"/>
        <line num="115" count="1" type="stmt"/>
      </file>
    </package>
    <package name="Screens.Details">
      <metrics statements="15" coveredstatements="2" conditionals="4" coveredconditionals="0" methods="8" coveredmethods="0"/>
      <file name="index.tsx" path="/Users/douglasmorais/Desktop/meliuzrnts/src/Screens/Details/index.tsx">
        <metrics statements="15" coveredstatements="2" conditionals="4" coveredconditionals="0" methods="8" coveredmethods="0"/>
        <line num="10" count="1" type="stmt"/>
        <line num="11" count="0" type="stmt"/>
        <line num="12" count="0" type="stmt"/>
        <line num="16" count="0" type="stmt"/>
        <line num="18" count="0" type="stmt"/>
        <line num="19" count="0" type="stmt"/>
        <line num="22" count="0" type="cond" truecount="0" falsecount="2"/>
        <line num="23" count="0" type="stmt"/>
        <line num="26" count="0" type="stmt"/>
        <line num="28" count="0" type="stmt"/>
        <line num="31" count="0" type="stmt"/>
        <line num="34" count="0" type="stmt"/>
        <line num="35" count="0" type="stmt"/>
        <line num="38" count="0" type="stmt"/>
        <line num="53" count="1" type="stmt"/>
      </file>
    </package>
    <package name="Screens.Home">
      <metrics statements="3" coveredstatements="3" conditionals="0" coveredconditionals="0" methods="1" coveredmethods="1"/>
      <file name="index.tsx" path="/Users/douglasmorais/Desktop/meliuzrnts/src/Screens/Home/index.tsx">
        <metrics statements="3" coveredstatements="3" conditionals="0" coveredconditionals="0" methods="1" coveredmethods="1"/>
        <line num="4" count="1" type="stmt"/>
        <line num="5" count="1" type="stmt"/>
        <line num="12" count="1" type="stmt"/>
      </file>
    </package>
    <package name="Screens.List">
      <metrics statements="16" coveredstatements="2" conditionals="0" coveredconditionals="0" methods="6" coveredmethods="0"/>
      <file name="index.tsx" path="/Users/douglasmorais/Desktop/meliuzrnts/src/Screens/List/index.tsx">
        <metrics statements="16" coveredstatements="2" conditionals="0" coveredconditionals="0" methods="6" coveredmethods="0"/>
        <line num="11" count="1" type="stmt"/>
        <line num="12" count="0" type="stmt"/>
        <line num="13" count="0" type="stmt"/>
        <line num="15" count="0" type="stmt"/>
        <line num="21" count="0" type="stmt"/>
        <line num="23" count="0" type="stmt"/>
        <line num="24" count="0" type="stmt"/>
        <line num="27" count="0" type="stmt"/>
        <line num="28" count="0" type="stmt"/>
        <line num="31" count="0" type="stmt"/>
        <line num="32" count="0" type="stmt"/>
        <line num="33" count="0" type="stmt"/>
        <line num="37" count="0" type="stmt"/>
        <line num="41" count="0" type="stmt"/>
        <line num="51" count="0" type="stmt"/>
        <line num="63" count="1" type="stmt"/>
      </file>
    </package>
    <package name="Services">
      <metrics statements="1" coveredstatements="1" conditionals="0" coveredconditionals="0" methods="0" coveredmethods="0"/>
      <file name="api.ts" path="/Users/douglasmorais/Desktop/meliuzrnts/src/Services/api.ts">
        <metrics statements="1" coveredstatements="1" conditionals="0" coveredconditionals="0" methods="0" coveredmethods="0"/>
        <line num="3" count="1" type="stmt"/>
      </file>
    </package>
    <package name="Store.Modules.ListDetails.Actions">
      <metrics statements="1" coveredstatements="0" conditionals="0" coveredconditionals="0" methods="1" coveredmethods="0"/>
      <file name="index.ts" path="/Users/douglasmorais/Desktop/meliuzrnts/src/Store/Modules/ListDetails/Actions/index.ts">
        <metrics statements="1" coveredstatements="0" conditionals="0" coveredconditionals="0" methods="1" coveredmethods="0"/>
        <line num="4" count="0" type="stmt"/>
      </file>
    </package>
  </project>
</coverage>
