{"/Users/douglasmorais/Desktop/meliuzrnts/src/App.tsx": {"path":"/Users/douglasmorais/Desktop/meliuzrnts/src/App.tsx","statementMap":{"0":{"start":{"line":6,"column":22},"end":{"line":12,"column":1}},"1":{"start":{"line":7,"column":2},"end":{"line":11,"column":4}}},"fnMap":{"0":{"name":"(anonymous_0)","decl":{"start":{"line":6,"column":22},"end":{"line":6,"column":23}},"loc":{"start":{"line":6,"column":28},"end":{"line":12,"column":1}},"line":6}},"branchMap":{},"s":{"0":0,"1":0},"f":{"0":0},"b":{}}
,"/Users/douglasmorais/Desktop/meliuzrnts/src/routes.tsx": {"path":"/Users/douglasmorais/Desktop/meliuzrnts/src/routes.tsx","statementMap":{"0":{"start":{"line":10,"column":25},"end":{"line":27,"column":1}},"1":{"start":{"line":11,"column":16},"end":{"line":11,"column":38}},"2":{"start":{"line":12,"column":2},"end":{"line":26,"column":4}}},"fnMap":{"0":{"name":"(anonymous_0)","decl":{"start":{"line":10,"column":25},"end":{"line":10,"column":26}},"loc":{"start":{"line":10,"column":31},"end":{"line":27,"column":1}},"line":10}},"branchMap":{},"s":{"0":0,"1":0,"2":0},"f":{"0":0},"b":{}}
,"/Users/douglasmorais/Desktop/meliuzrnts/src/Components/BottomNavigation/index.tsx": {"path":"/Users/douglasmorais/Desktop/meliuzrnts/src/Components/BottomNavigation/index.tsx","statementMap":{"0":{"start":{"line":12,"column":13},"end":{"line":12,"column":39}},"1":{"start":{"line":14,"column":23},"end":{"line":81,"column":1}},"2":{"start":{"line":15,"column":2},"end":{"line":80,"column":4}},"3":{"start":{"line":28,"column":12},"end":{"line":28,"column":76}},"4":{"start":{"line":39,"column":12},"end":{"line":43,"column":14}},"5":{"start":{"line":54,"column":12},"end":{"line":58,"column":14}},"6":{"start":{"line":70,"column":12},"end":{"line":74,"column":14}},"7":{"start":{"line":83,"column":35},"end":{"line":89,"column":1}},"8":{"start":{"line":84,"column":2},"end":{"line":88,"column":4}}},"fnMap":{"0":{"name":"(anonymous_0)","decl":{"start":{"line":14,"column":23},"end":{"line":14,"column":24}},"loc":{"start":{"line":14,"column":29},"end":{"line":81,"column":1}},"line":14},"1":{"name":"(anonymous_1)","decl":{"start":{"line":27,"column":22},"end":{"line":27,"column":23}},"loc":{"start":{"line":28,"column":12},"end":{"line":28,"column":76}},"line":28},"2":{"name":"(anonymous_2)","decl":{"start":{"line":38,"column":22},"end":{"line":38,"column":23}},"loc":{"start":{"line":39,"column":12},"end":{"line":43,"column":14}},"line":39},"3":{"name":"(anonymous_3)","decl":{"start":{"line":53,"column":22},"end":{"line":53,"column":23}},"loc":{"start":{"line":54,"column":12},"end":{"line":58,"column":14}},"line":54},"4":{"name":"(anonymous_4)","decl":{"start":{"line":69,"column":22},"end":{"line":69,"column":23}},"loc":{"start":{"line":70,"column":12},"end":{"line":74,"column":14}},"line":70},"5":{"name":"(anonymous_5)","decl":{"start":{"line":83,"column":35},"end":{"line":83,"column":36}},"loc":{"start":{"line":83,"column":41},"end":{"line":89,"column":1}},"line":83}},"branchMap":{},"s":{"0":1,"1":1,"2":2,"3":6,"4":6,"5":6,"6":6,"7":1,"8":2},"f":{"0":2,"1":6,"2":6,"3":6,"4":6,"5":2},"b":{},"_coverageSchema":"1a1c01bbd47fc00a2c39e90264f33305004495a9","hash":"8d2a250ef4586a669452f610808657872db2afe6"}
,"/Users/douglasmorais/Desktop/meliuzrnts/src/Components/Hello/index.tsx": {"path":"/Users/douglasmorais/Desktop/meliuzrnts/src/Components/Hello/index.tsx","statementMap":{"0":{"start":{"line":4,"column":24},"end":{"line":36,"column":1}},"1":{"start":{"line":5,"column":30},"end":{"line":8,"column":4}},"2":{"start":{"line":9,"column":38},"end":{"line":9,"column":53}},"3":{"start":{"line":10,"column":2},"end":{"line":35,"column":4}},"4":{"start":{"line":15,"column":30},"end":{"line":15,"column":64}},"5":{"start":{"line":20,"column":30},"end":{"line":20,"column":63}},"6":{"start":{"line":26,"column":23},"end":{"line":26,"column":42}}},"fnMap":{"0":{"name":"(anonymous_0)","decl":{"start":{"line":4,"column":24},"end":{"line":4,"column":25}},"loc":{"start":{"line":4,"column":30},"end":{"line":36,"column":1}},"line":4},"1":{"name":"(anonymous_1)","decl":{"start":{"line":15,"column":22},"end":{"line":15,"column":23}},"loc":{"start":{"line":15,"column":30},"end":{"line":15,"column":64}},"line":15},"2":{"name":"(anonymous_2)","decl":{"start":{"line":20,"column":22},"end":{"line":20,"column":23}},"loc":{"start":{"line":20,"column":30},"end":{"line":20,"column":63}},"line":20},"3":{"name":"(anonymous_3)","decl":{"start":{"line":26,"column":17},"end":{"line":26,"column":18}},"loc":{"start":{"line":26,"column":23},"end":{"line":26,"column":42}},"line":26}},"branchMap":{"0":{"loc":{"start":{"line":28,"column":7},"end":{"line":33,"column":7}},"type":"binary-expr","locations":[{"start":{"line":28,"column":7},"end":{"line":28,"column":17}},{"start":{"line":29,"column":8},"end":{"line":32,"column":15}}],"line":28}},"s":{"0":1,"1":8,"2":8,"3":8,"4":1,"5":1,"6":1},"f":{"0":8,"1":1,"2":1,"3":1},"b":{"0":[8,1]},"_coverageSchema":"1a1c01bbd47fc00a2c39e90264f33305004495a9","hash":"c770bd0e009a5e0c534220103d2d94f0633bd239"}
,"/Users/douglasmorais/Desktop/meliuzrnts/src/Screens/Contact/index.tsx": {"path":"/Users/douglasmorais/Desktop/meliuzrnts/src/Screens/Contact/index.tsx","statementMap":{"0":{"start":{"line":16,"column":20},"end":{"line":16,"column":47}},"1":{"start":{"line":18,"column":26},"end":{"line":113,"column":1}},"2":{"start":{"line":19,"column":26},"end":{"line":19,"column":38}},"3":{"start":{"line":20,"column":28},"end":{"line":20,"column":40}},"4":{"start":{"line":21,"column":28},"end":{"line":21,"column":40}},"5":{"start":{"line":22,"column":32},"end":{"line":22,"column":44}},"6":{"start":{"line":23,"column":34},"end":{"line":23,"column":49}},"7":{"start":{"line":25,"column":23},"end":{"line":51,"column":3}},"8":{"start":{"line":26,"column":4},"end":{"line":29,"column":5}},"9":{"start":{"line":27,"column":6},"end":{"line":27,"column":44}},"10":{"start":{"line":28,"column":6},"end":{"line":28,"column":13}},"11":{"start":{"line":30,"column":4},"end":{"line":33,"column":5}},"12":{"start":{"line":31,"column":6},"end":{"line":31,"column":46}},"13":{"start":{"line":32,"column":6},"end":{"line":32,"column":13}},"14":{"start":{"line":34,"column":4},"end":{"line":37,"column":5}},"15":{"start":{"line":35,"column":6},"end":{"line":35,"column":52}},"16":{"start":{"line":36,"column":6},"end":{"line":36,"column":13}},"17":{"start":{"line":38,"column":4},"end":{"line":41,"column":5}},"18":{"start":{"line":39,"column":6},"end":{"line":39,"column":44}},"19":{"start":{"line":40,"column":6},"end":{"line":40,"column":13}},"20":{"start":{"line":42,"column":4},"end":{"line":49,"column":34}},"21":{"start":{"line":49,"column":18},"end":{"line":49,"column":32}},"22":{"start":{"line":50,"column":4},"end":{"line":50,"column":27}},"23":{"start":{"line":54,"column":4},"end":{"line":54,"column":16}},"24":{"start":{"line":55,"column":4},"end":{"line":55,"column":17}},"25":{"start":{"line":56,"column":4},"end":{"line":56,"column":17}},"26":{"start":{"line":57,"column":4},"end":{"line":57,"column":19}},"27":{"start":{"line":60,"column":2},"end":{"line":62,"column":17}},"28":{"start":{"line":61,"column":4},"end":{"line":61,"column":18}},"29":{"start":{"line":64,"column":2},"end":{"line":112,"column":4}},"30":{"start":{"line":115,"column":15},"end":{"line":152,"column":2}}},"fnMap":{"0":{"name":"(anonymous_0)","decl":{"start":{"line":18,"column":26},"end":{"line":18,"column":27}},"loc":{"start":{"line":18,"column":32},"end":{"line":113,"column":1}},"line":18},"1":{"name":"(anonymous_1)","decl":{"start":{"line":25,"column":23},"end":{"line":25,"column":24}},"loc":{"start":{"line":25,"column":29},"end":{"line":51,"column":3}},"line":25},"2":{"name":"(anonymous_2)","decl":{"start":{"line":49,"column":13},"end":{"line":49,"column":14}},"loc":{"start":{"line":49,"column":18},"end":{"line":49,"column":32}},"line":49},"3":{"name":"clearInputs","decl":{"start":{"line":53,"column":11},"end":{"line":53,"column":22}},"loc":{"start":{"line":53,"column":25},"end":{"line":58,"column":3}},"line":53},"4":{"name":"(anonymous_4)","decl":{"start":{"line":60,"column":12},"end":{"line":60,"column":13}},"loc":{"start":{"line":60,"column":18},"end":{"line":62,"column":3}},"line":60}},"branchMap":{"0":{"loc":{"start":{"line":26,"column":4},"end":{"line":29,"column":5}},"type":"if","locations":[{"start":{"line":26,"column":4},"end":{"line":29,"column":5}},{"start":{},"end":{}}],"line":26},"1":{"loc":{"start":{"line":30,"column":4},"end":{"line":33,"column":5}},"type":"if","locations":[{"start":{"line":30,"column":4},"end":{"line":33,"column":5}},{"start":{},"end":{}}],"line":30},"2":{"loc":{"start":{"line":34,"column":4},"end":{"line":37,"column":5}},"type":"if","locations":[{"start":{"line":34,"column":4},"end":{"line":37,"column":5}},{"start":{},"end":{}}],"line":34},"3":{"loc":{"start":{"line":38,"column":4},"end":{"line":41,"column":5}},"type":"if","locations":[{"start":{"line":38,"column":4},"end":{"line":41,"column":5}},{"start":{},"end":{}}],"line":38},"4":{"loc":{"start":{"line":100,"column":32},"end":{"line":100,"column":71}},"type":"cond-expr","locations":[{"start":{"line":100,"column":57},"end":{"line":100,"column":62}},{"start":{"line":100,"column":65},"end":{"line":100,"column":71}}],"line":100},"5":{"loc":{"start":{"line":119,"column":21},"end":{"line":119,"column":66}},"type":"cond-expr","locations":[{"start":{"line":119,"column":46},"end":{"line":119,"column":53}},{"start":{"line":119,"column":56},"end":{"line":119,"column":66}}],"line":119},"6":{"loc":{"start":{"line":126,"column":11},"end":{"line":126,"column":54}},"type":"cond-expr","locations":[{"start":{"line":126,"column":36},"end":{"line":126,"column":45}},{"start":{"line":126,"column":48},"end":{"line":126,"column":54}}],"line":126},"7":{"loc":{"start":{"line":127,"column":17},"end":{"line":127,"column":57}},"type":"cond-expr","locations":[{"start":{"line":127,"column":42},"end":{"line":127,"column":48}},{"start":{"line":127,"column":51},"end":{"line":127,"column":57}}],"line":127},"8":{"loc":{"start":{"line":135,"column":11},"end":{"line":135,"column":51}},"type":"cond-expr","locations":[{"start":{"line":135,"column":36},"end":{"line":135,"column":42}},{"start":{"line":135,"column":45},"end":{"line":135,"column":51}}],"line":135},"9":{"loc":{"start":{"line":136,"column":17},"end":{"line":136,"column":57}},"type":"cond-expr","locations":[{"start":{"line":136,"column":42},"end":{"line":136,"column":48}},{"start":{"line":136,"column":51},"end":{"line":136,"column":57}}],"line":136}},"s":{"0":1,"1":1,"2":0,"3":0,"4":0,"5":0,"6":0,"7":0,"8":0,"9":0,"10":0,"11":0,"12":0,"13":0,"14":0,"15":0,"16":0,"17":0,"18":0,"19":0,"20":0,"21":0,"22":0,"23":0,"24":0,"25":0,"26":0,"27":0,"28":0,"29":0,"30":1},"f":{"0":0,"1":0,"2":0,"3":0,"4":0},"b":{"0":[0,0],"1":[0,0],"2":[0,0],"3":[0,0],"4":[0,0],"5":[0,1],"6":[0,1],"7":[0,1],"8":[0,1],"9":[0,1]},"_coverageSchema":"1a1c01bbd47fc00a2c39e90264f33305004495a9","hash":"ce7bf8aa329bd47736a67cf0be1ed26791cf6220"}
,"/Users/douglasmorais/Desktop/meliuzrnts/src/Screens/Details/index.tsx": {"path":"/Users/douglasmorais/Desktop/meliuzrnts/src/Screens/Details/index.tsx","statementMap":{"0":{"start":{"line":10,"column":26},"end":{"line":51,"column":1}},"1":{"start":{"line":11,"column":18},"end":{"line":11,"column":72}},"2":{"start":{"line":11,"column":57},"end":{"line":11,"column":71}},"3":{"start":{"line":12,"column":36},"end":{"line":14,"column":3}},"4":{"start":{"line":16,"column":2},"end":{"line":16,"column":38}},"5":{"start":{"line":18,"column":2},"end":{"line":32,"column":16}},"6":{"start":{"line":19,"column":4},"end":{"line":31,"column":34}},"7":{"start":{"line":22,"column":8},"end":{"line":29,"column":9}},"8":{"start":{"line":23,"column":10},"end":{"line":28,"column":40}},"9":{"start":{"line":26,"column":14},"end":{"line":26,"column":74}},"10":{"start":{"line":28,"column":24},"end":{"line":28,"column":38}},"11":{"start":{"line":31,"column":18},"end":{"line":31,"column":32}},"12":{"start":{"line":34,"column":20},"end":{"line":36,"column":3}},"13":{"start":{"line":35,"column":4},"end":{"line":35,"column":64}},"14":{"start":{"line":38,"column":2},"end":{"line":50,"column":4}},"15":{"start":{"line":53,"column":15},"end":{"line":77,"column":2}}},"fnMap":{"0":{"name":"(anonymous_0)","decl":{"start":{"line":10,"column":26},"end":{"line":10,"column":27}},"loc":{"start":{"line":10,"column":32},"end":{"line":51,"column":1}},"line":10},"1":{"name":"(anonymous_1)","decl":{"start":{"line":11,"column":30},"end":{"line":11,"column":31}},"loc":{"start":{"line":11,"column":57},"end":{"line":11,"column":71}},"line":11},"2":{"name":"(anonymous_2)","decl":{"start":{"line":18,"column":12},"end":{"line":18,"column":13}},"loc":{"start":{"line":18,"column":18},"end":{"line":32,"column":3}},"line":18},"3":{"name":"(anonymous_3)","decl":{"start":{"line":21,"column":12},"end":{"line":21,"column":13}},"loc":{"start":{"line":21,"column":24},"end":{"line":30,"column":7}},"line":21},"4":{"name":"(anonymous_4)","decl":{"start":{"line":25,"column":18},"end":{"line":25,"column":19}},"loc":{"start":{"line":25,"column":25},"end":{"line":27,"column":13}},"line":25},"5":{"name":"(anonymous_5)","decl":{"start":{"line":28,"column":19},"end":{"line":28,"column":20}},"loc":{"start":{"line":28,"column":24},"end":{"line":28,"column":38}},"line":28},"6":{"name":"(anonymous_6)","decl":{"start":{"line":31,"column":13},"end":{"line":31,"column":14}},"loc":{"start":{"line":31,"column":18},"end":{"line":31,"column":32}},"line":31},"7":{"name":"(anonymous_7)","decl":{"start":{"line":34,"column":20},"end":{"line":34,"column":21}},"loc":{"start":{"line":34,"column":37},"end":{"line":36,"column":3}},"line":34}},"branchMap":{"0":{"loc":{"start":{"line":22,"column":8},"end":{"line":29,"column":9}},"type":"if","locations":[{"start":{"line":22,"column":8},"end":{"line":29,"column":9}},{"start":{},"end":{}}],"line":22},"1":{"loc":{"start":{"line":47,"column":20},"end":{"line":47,"column":77}},"type":"binary-expr","locations":[{"start":{"line":47,"column":20},"end":{"line":47,"column":41}},{"start":{"line":47,"column":45},"end":{"line":47,"column":77}}],"line":47}},"s":{"0":1,"1":0,"2":0,"3":0,"4":0,"5":0,"6":0,"7":0,"8":0,"9":0,"10":0,"11":0,"12":0,"13":0,"14":0,"15":1},"f":{"0":0,"1":0,"2":0,"3":0,"4":0,"5":0,"6":0,"7":0},"b":{"0":[0,0],"1":[0,0]},"_coverageSchema":"1a1c01bbd47fc00a2c39e90264f33305004495a9","hash":"0ec57ebdb6f010f2780da4dc588714fee4270be4"}
,"/Users/douglasmorais/Desktop/meliuzrnts/src/Screens/Home/index.tsx": {"path":"/Users/douglasmorais/Desktop/meliuzrnts/src/Screens/Home/index.tsx","statementMap":{"0":{"start":{"line":4,"column":23},"end":{"line":13,"column":1}},"1":{"start":{"line":5,"column":2},"end":{"line":12,"column":4}},"2":{"start":{"line":15,"column":15},"end":{"line":21,"column":2}}},"fnMap":{"0":{"name":"(anonymous_0)","decl":{"start":{"line":4,"column":23},"end":{"line":4,"column":24}},"loc":{"start":{"line":4,"column":29},"end":{"line":13,"column":1}},"line":4}},"branchMap":{},"s":{"0":1,"1":2,"2":1},"f":{"0":2},"b":{},"_coverageSchema":"1a1c01bbd47fc00a2c39e90264f33305004495a9","hash":"d05c323e8aa2331ce31d9bba9dec772b8fa80c2b"}
,"/Users/douglasmorais/Desktop/meliuzrnts/src/Screens/List/index.tsx": {"path":"/Users/douglasmorais/Desktop/meliuzrnts/src/Screens/List/index.tsx","statementMap":{"0":{"start":{"line":11,"column":23},"end":{"line":64,"column":1}},"1":{"start":{"line":12,"column":19},"end":{"line":12,"column":32}},"2":{"start":{"line":13,"column":14},"end":{"line":13,"column":29}},"3":{"start":{"line":15,"column":21},"end":{"line":20,"column":4}},"4":{"start":{"line":21,"column":26},"end":{"line":21,"column":47}},"5":{"start":{"line":23,"column":29},"end":{"line":29,"column":3}},"6":{"start":{"line":24,"column":37},"end":{"line":26,"column":5}},"7":{"start":{"line":27,"column":4},"end":{"line":27,"column":38}},"8":{"start":{"line":28,"column":4},"end":{"line":28,"column":25}},"9":{"start":{"line":31,"column":2},"end":{"line":35,"column":9}},"10":{"start":{"line":32,"column":4},"end":{"line":34,"column":7}},"11":{"start":{"line":33,"column":6},"end":{"line":33,"column":29}},"12":{"start":{"line":37,"column":2},"end":{"line":63,"column":4}},"13":{"start":{"line":44,"column":10},"end":{"line":59,"column":19}},"14":{"start":{"line":54,"column":33},"end":{"line":54,"column":72}},"15":{"start":{"line":66,"column":15},"end":{"line":85,"column":2}}},"fnMap":{"0":{"name":"(anonymous_0)","decl":{"start":{"line":11,"column":23},"end":{"line":11,"column":24}},"loc":{"start":{"line":11,"column":29},"end":{"line":64,"column":1}},"line":11},"1":{"name":"(anonymous_1)","decl":{"start":{"line":23,"column":29},"end":{"line":23,"column":30}},"loc":{"start":{"line":23,"column":59},"end":{"line":29,"column":3}},"line":23},"2":{"name":"(anonymous_2)","decl":{"start":{"line":31,"column":12},"end":{"line":31,"column":13}},"loc":{"start":{"line":31,"column":18},"end":{"line":35,"column":3}},"line":31},"3":{"name":"(anonymous_3)","decl":{"start":{"line":32,"column":27},"end":{"line":32,"column":28}},"loc":{"start":{"line":32,"column":39},"end":{"line":34,"column":5}},"line":32},"4":{"name":"(anonymous_4)","decl":{"start":{"line":43,"column":18},"end":{"line":43,"column":19}},"loc":{"start":{"line":44,"column":10},"end":{"line":59,"column":19}},"line":44},"5":{"name":"(anonymous_5)","decl":{"start":{"line":54,"column":27},"end":{"line":54,"column":28}},"loc":{"start":{"line":54,"column":33},"end":{"line":54,"column":72}},"line":54}},"branchMap":{},"s":{"0":1,"1":1,"2":1,"3":1,"4":1,"5":1,"6":0,"7":0,"8":0,"9":1,"10":1,"11":0,"12":1,"13":0,"14":0,"15":1},"f":{"0":1,"1":0,"2":1,"3":0,"4":0,"5":0},"b":{},"_coverageSchema":"1a1c01bbd47fc00a2c39e90264f33305004495a9","hash":"849c921afef8855e71e7f718a48faf4c34aacfb7"}
,"/Users/douglasmorais/Desktop/meliuzrnts/src/Services/api.ts": {"path":"/Users/douglasmorais/Desktop/meliuzrnts/src/Services/api.ts","statementMap":{"0":{"start":{"line":3,"column":12},"end":{"line":5,"column":2}}},"fnMap":{},"branchMap":{},"s":{"0":1},"f":{},"b":{},"_coverageSchema":"1a1c01bbd47fc00a2c39e90264f33305004495a9","hash":"e682506e3bfb2e2d4d7d17159b25bf2ea68b7722"}
,"/Users/douglasmorais/Desktop/meliuzrnts/src/Types/index.ts": {"path":"/Users/douglasmorais/Desktop/meliuzrnts/src/Types/index.ts","statementMap":{},"fnMap":{},"branchMap":{},"s":{},"f":{},"b":{}}
}
