TN:
SF:src/App.tsx
FN:6,(anonymous_0)
FNF:1
FNH:0
FNDA:0,(anonymous_0)
DA:6,0
DA:7,0
LF:2
LH:0
BRF:0
BRH:0
end_of_record
TN:
SF:src/routes.tsx
FN:10,(anonymous_0)
FNF:1
FNH:0
FNDA:0,(anonymous_0)
DA:10,0
DA:11,0
DA:12,0
LF:3
LH:0
BRF:0
BRH:0
end_of_record
TN:
SF:src/Components/BottomNavigation/index.tsx
FN:14,(anonymous_0)
FN:27,(anonymous_1)
FN:38,(anonymous_2)
FN:53,(anonymous_3)
FN:69,(anonymous_4)
FN:83,(anonymous_5)
FNF:6
FNH:6
FNDA:2,(anonymous_0)
FNDA:6,(anonymous_1)
FNDA:6,(anonymous_2)
FNDA:6,(anonymous_3)
FNDA:6,(anonymous_4)
FNDA:2,(anonymous_5)
DA:12,1
DA:14,1
DA:15,2
DA:28,6
DA:39,6
DA:54,6
DA:70,6
DA:83,1
DA:84,2
LF:9
LH:9
BRF:0
BRH:0
end_of_record
TN:
SF:src/Components/Hello/index.tsx
FN:4,(anonymous_0)
FN:15,(anonymous_1)
FN:20,(anonymous_2)
FN:26,(anonymous_3)
FNF:4
FNH:4
FNDA:8,(anonymous_0)
FNDA:1,(anonymous_1)
FNDA:1,(anonymous_2)
FNDA:1,(anonymous_3)
DA:4,1
DA:5,8
DA:9,8
DA:10,8
DA:15,1
DA:20,1
DA:26,1
LF:7
LH:7
BRDA:28,0,0,8
BRDA:28,0,1,1
BRF:2
BRH:2
end_of_record
TN:
SF:src/Screens/Contact/index.tsx
FN:18,(anonymous_0)
FN:25,(anonymous_1)
FN:49,(anonymous_2)
FN:53,clearInputs
FN:60,(anonymous_4)
FNF:5
FNH:0
FNDA:0,(anonymous_0)
FNDA:0,(anonymous_1)
FNDA:0,(anonymous_2)
FNDA:0,clearInputs
FNDA:0,(anonymous_4)
DA:16,1
DA:18,1
DA:19,0
DA:20,0
DA:21,0
DA:22,0
DA:23,0
DA:25,0
DA:26,0
DA:27,0
DA:28,0
DA:30,0
DA:31,0
DA:32,0
DA:34,0
DA:35,0
DA:36,0
DA:38,0
DA:39,0
DA:40,0
DA:42,0
DA:49,0
DA:50,0
DA:54,0
DA:55,0
DA:56,0
DA:57,0
DA:60,0
DA:61,0
DA:64,0
DA:115,1
LF:31
LH:3
BRDA:26,0,0,0
BRDA:26,0,1,0
BRDA:30,1,0,0
BRDA:30,1,1,0
BRDA:34,2,0,0
BRDA:34,2,1,0
BRDA:38,3,0,0
BRDA:38,3,1,0
BRDA:100,4,0,0
BRDA:100,4,1,0
BRDA:119,5,0,0
BRDA:119,5,1,1
BRDA:126,6,0,0
BRDA:126,6,1,1
BRDA:127,7,0,0
BRDA:127,7,1,1
BRDA:135,8,0,0
BRDA:135,8,1,1
BRDA:136,9,0,0
BRDA:136,9,1,1
BRF:20
BRH:5
end_of_record
TN:
SF:src/Screens/Details/index.tsx
FN:10,(anonymous_0)
FN:11,(anonymous_1)
FN:18,(anonymous_2)
FN:21,(anonymous_3)
FN:25,(anonymous_4)
FN:28,(anonymous_5)
FN:31,(anonymous_6)
FN:34,(anonymous_7)
FNF:8
FNH:0
FNDA:0,(anonymous_0)
FNDA:0,(anonymous_1)
FNDA:0,(anonymous_2)
FNDA:0,(anonymous_3)
FNDA:0,(anonymous_4)
FNDA:0,(anonymous_5)
FNDA:0,(anonymous_6)
FNDA:0,(anonymous_7)
DA:10,1
DA:11,0
DA:12,0
DA:16,0
DA:18,0
DA:19,0
DA:22,0
DA:23,0
DA:26,0
DA:28,0
DA:31,0
DA:34,0
DA:35,0
DA:38,0
DA:53,1
LF:15
LH:2
BRDA:22,0,0,0
BRDA:22,0,1,0
BRDA:47,1,0,0
BRDA:47,1,1,0
BRF:4
BRH:0
end_of_record
TN:
SF:src/Screens/Home/index.tsx
FN:4,(anonymous_0)
FNF:1
FNH:1
FNDA:2,(anonymous_0)
DA:4,1
DA:5,2
DA:15,1
LF:3
LH:3
BRF:0
BRH:0
end_of_record
TN:
SF:src/Screens/List/index.tsx
FN:11,(anonymous_0)
FN:23,(anonymous_1)
FN:31,(anonymous_2)
FN:32,(anonymous_3)
FN:43,(anonymous_4)
FN:54,(anonymous_5)
FNF:6
FNH:2
FNDA:1,(anonymous_0)
FNDA:0,(anonymous_1)
FNDA:1,(anonymous_2)
FNDA:0,(anonymous_3)
FNDA:0,(anonymous_4)
FNDA:0,(anonymous_5)
DA:11,1
DA:12,1
DA:13,1
DA:15,1
DA:21,1
DA:23,1
DA:24,0
DA:27,0
DA:28,0
DA:31,1
DA:32,1
DA:33,0
DA:37,1
DA:44,0
DA:54,0
DA:66,1
LF:16
LH:10
BRF:0
BRH:0
end_of_record
TN:
SF:src/Services/api.ts
FNF:0
FNH:0
DA:3,1
LF:1
LH:1
BRF:0
BRH:0
end_of_record
TN:
SF:src/Types/index.ts
FNF:0
FNH:0
LF:0
LH:0
BRF:0
BRH:0
end_of_record
